2024/07/21 02:45:32 Nueva inserción a las 2024-07-21 02:45:32.5656887 -0500 -05 m=+7.484145801
2024/07/21 02:45:35 Error processing row: error obteniendo la tienda de código 428: sql: no rows in result set
2024/07/21 02:45:45 Error processing row: error obteniendo la tienda de código 1000: sql: no rows in result set
2024/07/21 02:45:51 Error processing row: error obteniendo la tienda de código 428: sql: no rows in result set
2024/07/21 02:45:53 Error processing row: error obteniendo la tienda de código 428: sql: no rows in result set
2024/07/21 02:45:54 Error processing row: error obteniendo la tienda de código 428: sql: no rows in result set
2024/07/21 02:45:57 Error processing row: error obteniendo la tienda de código 1000: sql: no rows in result set
2024/07/21 02:45:59 Error creating order_product: pq: duplicate key value violates unique constraint "order_product_pkey"
2024/07/21 02:46:01 Error processing row: error obteniendo la tienda de código 428: sql: no rows in result set
2024/07/21 02:46:02 Error processing row: error obteniendo la tienda de código 428: sql: no rows in result set
2024/07/21 02:46:03 Error processing row: error obteniendo la tienda de código 428: sql: no rows in result set
2024/07/21 02:46:04 Error processing row: error obteniendo el producto de EAN 40000644: sql: no rows in result set
2024/07/21 02:46:04 Error processing row: error obteniendo el producto de EAN 40000644: sql: no rows in result set
2024/07/21 02:46:04 Error processing row: error obteniendo el producto de EAN 40000644: sql: no rows in result set
2024/07/21 02:46:04 Error processing row: error obteniendo el producto de EAN 40000644: sql: no rows in result set
2024/07/21 02:46:04 Error processing row: error obteniendo el producto de EAN 40000644: sql: no rows in result set
2024/07/21 02:46:04 Error processing row: error obteniendo el producto de EAN 40000644: sql: no rows in result set
2024/07/21 02:46:04 Error processing row: error obteniendo el producto de EAN 40000644: sql: no rows in result set
2024/07/21 02:46:04 Error processing row: error obteniendo el producto de EAN 40000644: sql: no rows in result set
2024/07/21 02:46:05 Error processing row: error obteniendo el producto de EAN 40000644: sql: no rows in result set
2024/07/21 02:46:05 Error processing row: error obteniendo el producto de EAN 40000644: sql: no rows in result set
2024/07/21 02:46:05 Error processing row: error obteniendo el producto de EAN 40000644: sql: no rows in result set
2024/07/21 02:46:05 Error processing row: error obteniendo el producto de EAN 40000644: sql: no rows in result set
2024/07/21 02:46:05 Error processing row: error obteniendo el producto de EAN 40000644: sql: no rows in result set
2024/07/21 02:46:05 Error processing row: error obteniendo el producto de EAN 40000644: sql: no rows in result set
2024/07/21 02:46:05 Error processing row: error obteniendo el producto de EAN 40000644: sql: no rows in result set
2024/07/21 02:46:05 Error processing row: error obteniendo el producto de EAN 40000644: sql: no rows in result set
2024/07/21 02:46:05 Error processing row: error obteniendo el producto de EAN 40000644: sql: no rows in result set
2024/07/21 02:46:05 Error processing row: error obteniendo el producto de EAN 40000644: sql: no rows in result set
2024/07/21 02:46:05 Error processing row: error obteniendo el producto de EAN 40000644: sql: no rows in result set
2024/07/21 02:46:05 Error processing row: error obteniendo el producto de EAN 40000644: sql: no rows in result set
2024/07/21 02:46:05 Error processing row: error obteniendo el producto de EAN 40000644: sql: no rows in result set
2024/07/21 02:46:05 Error processing row: error obteniendo el producto de EAN 40000644: sql: no rows in result set
2024/07/21 02:46:05 Error processing row: error obteniendo el producto de EAN 40000644: sql: no rows in result set
2024/07/21 02:46:05 Error processing row: error obteniendo el producto de EAN 40000644: sql: no rows in result set
2024/07/21 02:46:05 Error processing row: error obteniendo el producto de EAN 40000644: sql: no rows in result set
2024/07/21 02:46:05 Error processing row: error obteniendo el producto de EAN 40000644: sql: no rows in result set
2024/07/21 02:46:05 Error processing row: error obteniendo el producto de EAN 40000644: sql: no rows in result set
2024/07/21 02:46:05 Error processing row: error obteniendo el producto de EAN 40000644: sql: no rows in result set
2024/07/21 02:46:05 Error processing row: error obteniendo el producto de EAN 40000644: sql: no rows in result set
2024/07/21 02:46:05 Error processing row: error obteniendo el producto de EAN 40000644: sql: no rows in result set
2024/07/21 02:46:05 Error processing row: error obteniendo el producto de EAN 40000644: sql: no rows in result set
2024/07/21 02:46:05 Error processing row: error obteniendo el producto de EAN 40000644: sql: no rows in result set
2024/07/21 02:46:05 Error processing row: error obteniendo el producto de EAN 40000644: sql: no rows in result set
2024/07/21 02:46:05 Error processing row: error obteniendo el producto de EAN 40000644: sql: no rows in result set
2024/07/21 02:46:05 Error processing row: error obteniendo el producto de EAN 40000644: sql: no rows in result set
2024/07/21 02:46:05 Error processing row: error obteniendo el producto de EAN 40000644: sql: no rows in result set
2024/07/21 02:46:05 Error processing row: error obteniendo el producto de EAN 40000644: sql: no rows in result set
2024/07/21 02:46:05 Error processing row: error obteniendo el producto de EAN 40000644: sql: no rows in result set
2024/07/21 02:46:05 Error processing row: error obteniendo el producto de EAN 40000644: sql: no rows in result set
2024/07/21 02:46:05 Error processing row: error obteniendo el producto de EAN 40000644: sql: no rows in result set
2024/07/21 02:46:05 Error processing row: error obteniendo el producto de EAN 40000644: sql: no rows in result set
2024/07/21 02:46:05 Error processing row: error obteniendo el producto de EAN 40000644: sql: no rows in result set
2024/07/21 02:46:05 Error processing row: error obteniendo el producto de EAN 40000644: sql: no rows in result set
2024/07/21 02:46:05 Error processing row: error obteniendo el producto de EAN 40000644: sql: no rows in result set
2024/07/21 02:46:05 Error processing row: error obteniendo el producto de EAN 40000644: sql: no rows in result set
2024/07/21 02:46:05 Error processing row: error obteniendo el producto de EAN 40000644: sql: no rows in result set
2024/07/21 02:46:05 Error processing row: error obteniendo el producto de EAN 40000644: sql: no rows in result set
2024/07/21 02:46:05 Error processing row: error obteniendo el producto de EAN 40000644: sql: no rows in result set
2024/07/21 02:46:05 Error processing row: error obteniendo el producto de EAN 40000644: sql: no rows in result set
2024/07/21 02:46:05 Error processing row: error obteniendo el producto de EAN 40000644: sql: no rows in result set
2024/07/21 02:46:05 Error processing row: error obteniendo el producto de EAN 40000644: sql: no rows in result set
2024/07/21 02:46:05 Error processing row: error obteniendo el producto de EAN 40000644: sql: no rows in result set
2024/07/21 02:46:05 Error processing row: error obteniendo el producto de EAN 40000644: sql: no rows in result set
2024/07/21 02:46:05 Error processing row: error obteniendo el producto de EAN 40000644: sql: no rows in result set
2024/07/21 02:46:05 Error processing row: error obteniendo el producto de EAN 40000644: sql: no rows in result set
2024/07/21 02:46:05 Error processing row: error obteniendo el producto de EAN 40000644: sql: no rows in result set
2024/07/21 02:46:05 Error processing row: error obteniendo el producto de EAN 40000644: sql: no rows in result set
2024/07/21 02:46:05 Error processing row: error obteniendo el producto de EAN 40000644: sql: no rows in result set
2024/07/21 02:46:05 Error processing row: error obteniendo el producto de EAN 40000644: sql: no rows in result set
2024/07/21 02:46:05 Error processing row: error obteniendo el producto de EAN 40000644: sql: no rows in result set
2024/07/21 02:46:05 Error processing row: error obteniendo el producto de EAN 40000644: sql: no rows in result set
2024/07/21 02:46:05 Error processing row: error obteniendo el producto de EAN 40000644: sql: no rows in result set
2024/07/21 02:46:05 Error processing row: error obteniendo el producto de EAN 40000644: sql: no rows in result set
2024/07/21 02:46:05 Error processing row: error obteniendo el producto de EAN 40000644: sql: no rows in result set
2024/07/21 02:46:05 Error processing row: error obteniendo el producto de EAN 40000644: sql: no rows in result set
2024/07/21 02:46:05 Error processing row: error obteniendo el producto de EAN 40000644: sql: no rows in result set
2024/07/21 02:46:05 Error processing row: error obteniendo el producto de EAN 40000644: sql: no rows in result set
2024/07/21 02:46:05 Error processing row: error obteniendo el producto de EAN 40000644: sql: no rows in result set
2024/07/21 02:46:05 Error processing row: error obteniendo el producto de EAN 40000644: sql: no rows in result set
2024/07/21 02:46:05 Error processing row: error obteniendo el producto de EAN 40000644: sql: no rows in result set
2024/07/21 02:46:05 Error processing row: error obteniendo el producto de EAN 40000644: sql: no rows in result set
2024/07/21 02:46:05 Error processing row: error obteniendo el producto de EAN 40000644: sql: no rows in result set
2024/07/21 02:46:05 Error processing row: error obteniendo el producto de EAN 40000644: sql: no rows in result set
2024/07/21 02:46:05 Error processing row: error obteniendo el producto de EAN 40000644: sql: no rows in result set
2024/07/21 02:46:05 Error processing row: error obteniendo el producto de EAN 40000644: sql: no rows in result set
2024/07/21 02:46:05 Error processing row: error obteniendo el producto de EAN 40000644: sql: no rows in result set
2024/07/21 02:46:05 Error processing row: error obteniendo el producto de EAN 40000644: sql: no rows in result set
2024/07/21 02:46:05 Error processing row: error obteniendo el producto de EAN 40000644: sql: no rows in result set
2024/07/21 02:46:05 Error processing row: error obteniendo el producto de EAN 40000644: sql: no rows in result set
2024/07/21 02:46:05 Error creating order_product: pq: duplicate key value violates unique constraint "order_product_pkey"
2024/07/21 02:46:05 Error processing row: error obteniendo el producto de EAN 40000644: sql: no rows in result set
2024/07/21 02:46:05 Error processing row: error obteniendo el producto de EAN 40000644: sql: no rows in result set
2024/07/21 02:46:05 Error processing row: error obteniendo el producto de EAN 40000644: sql: no rows in result set
2024/07/21 02:46:05 Error processing row: error obteniendo el producto de EAN 40000644: sql: no rows in result set
2024/07/21 02:46:05 Error processing row: error obteniendo el producto de EAN 40000644: sql: no rows in result set
2024/07/21 02:46:05 Error processing row: error obteniendo el producto de EAN 40000644: sql: no rows in result set
2024/07/21 02:46:05 Error processing row: error obteniendo el producto de EAN 40000644: sql: no rows in result set
2024/07/21 02:46:05 Error processing row: error obteniendo el producto de EAN 40000644: sql: no rows in result set
2024/07/21 02:46:05 Error processing row: error obteniendo el producto de EAN 40000644: sql: no rows in result set
2024/07/21 02:46:05 Error processing row: error obteniendo el producto de EAN 40000644: sql: no rows in result set
2024/07/21 02:46:05 Error processing row: error obteniendo el producto de EAN 40000644: sql: no rows in result set
2024/07/21 02:46:05 Error processing row: error obteniendo el producto de EAN 40000644: sql: no rows in result set
2024/07/21 02:46:05 Error processing row: error obteniendo el producto de EAN 40000644: sql: no rows in result set
2024/07/21 02:46:05 Error processing row: error obteniendo el producto de EAN 40000644: sql: no rows in result set
2024/07/21 02:46:05 Error processing row: error obteniendo el producto de EAN 40000644: sql: no rows in result set
2024/07/21 02:46:06 Error creating order_product: pq: duplicate key value violates unique constraint "order_product_pkey"
2024/07/21 02:46:06 Error processing row: error obteniendo la tienda de código 1000: sql: no rows in result set
2024/07/21 02:46:07 Error processing row: error obteniendo la tienda de código 428: sql: no rows in result set
2024/07/21 02:46:07 Error processing row: error obteniendo el producto de EAN 40000644: sql: no rows in result set
2024/07/21 02:46:08 Error processing row: error obteniendo la tienda de código 1000: sql: no rows in result set
2024/07/21 02:46:08 Error processing row: error obteniendo la tienda de código 1000: sql: no rows in result set
2024/07/21 02:46:09 Error creating order_product: pq: duplicate key value violates unique constraint "order_product_pkey"
2024/07/21 02:46:09 Error creating order_product: pq: duplicate key value violates unique constraint "order_product_pkey"
2024/07/21 02:46:10 Error processing row: error obteniendo la tienda de código 1000: sql: no rows in result set
2024/07/21 02:46:11 Error processing row: error obteniendo la tienda de código 428: sql: no rows in result set
2024/07/21 02:46:12 Error processing row: error obteniendo la tienda de código 428: sql: no rows in result set
2024/07/21 02:46:13 Error processing row: error obteniendo la tienda de código 428: sql: no rows in result set
2024/07/21 02:46:16 Error processing row: error obteniendo la tienda de código 1000: sql: no rows in result set
2024/07/21 02:46:16 Error creating order_product: pq: duplicate key value violates unique constraint "order_product_pkey"
2024/07/21 02:46:16 Error creating order_product: pq: duplicate key value violates unique constraint "order_product_pkey"
2024/07/21 02:46:19 Error processing row: error obteniendo la tienda de código 428: sql: no rows in result set
2024/07/21 02:46:22 Error creating order_product: pq: duplicate key value violates unique constraint "order_product_pkey"
2024/07/21 02:46:26 Error processing row: error obteniendo la tienda de código 428: sql: no rows in result set
2024/07/21 02:46:28 Error processing row: error obteniendo la tienda de código 428: sql: no rows in result set
2024/07/21 02:46:29 Error processing row: error obteniendo la tienda de código 428: sql: no rows in result set
2024/07/21 02:46:30 Error processing row: error obteniendo la tienda de código 428: sql: no rows in result set
2024/07/21 02:46:34 Error processing row: error obteniendo la tienda de código 428: sql: no rows in result set
2024/07/21 02:46:34 Error processing row: error obteniendo la tienda de código 428: sql: no rows in result set
2024/07/21 02:46:36 Error processing row: error obteniendo la tienda de código 1000: sql: no rows in result set
2024/07/21 02:46:36 Error processing row: error obteniendo la tienda de código 428: sql: no rows in result set
2024/07/21 02:46:39 Error processing row: error obteniendo la tienda de código 428: sql: no rows in result set
2024/07/21 02:46:43 Error processing row: error obteniendo la tienda de código 428: sql: no rows in result set
2024/07/21 02:46:45 Error processing row: error obteniendo la tienda de código 428: sql: no rows in result set
2024/07/21 02:46:45 Error processing row: error obteniendo la tienda de código 428: sql: no rows in result set
2024/07/21 02:46:48 Error processing row: error obteniendo el producto de EAN 40000979: sql: no rows in result set
2024/07/21 02:46:48 Error processing row: error obteniendo el producto de EAN 40000979: sql: no rows in result set
2024/07/21 02:46:48 Error processing row: error obteniendo el producto de EAN 40000979: sql: no rows in result set
2024/07/21 02:46:48 Error processing row: error obteniendo el producto de EAN 40000979: sql: no rows in result set
2024/07/21 02:46:48 Error processing row: error obteniendo el producto de EAN 40000979: sql: no rows in result set
2024/07/21 02:46:48 Error processing row: error obteniendo el producto de EAN 40000979: sql: no rows in result set
2024/07/21 02:46:48 Error processing row: error obteniendo el producto de EAN 40000979: sql: no rows in result set
2024/07/21 02:46:48 Error processing row: error obteniendo el producto de EAN 40000979: sql: no rows in result set
2024/07/21 02:46:48 Error processing row: error obteniendo el producto de EAN 40000979: sql: no rows in result set
2024/07/21 02:46:48 Error processing row: error obteniendo el producto de EAN 40000979: sql: no rows in result set
2024/07/21 02:46:48 Error processing row: error obteniendo el producto de EAN 40000979: sql: no rows in result set
2024/07/21 02:46:48 Error processing row: error obteniendo el producto de EAN 40000979: sql: no rows in result set
2024/07/21 02:46:48 Error processing row: error obteniendo el producto de EAN 40000979: sql: no rows in result set
2024/07/21 02:46:48 Error processing row: error obteniendo el producto de EAN 40000979: sql: no rows in result set
2024/07/21 02:46:48 Error processing row: error obteniendo el producto de EAN 40000979: sql: no rows in result set
2024/07/21 02:46:48 Error processing row: error obteniendo el producto de EAN 40000979: sql: no rows in result set
2024/07/21 02:46:48 Error processing row: error obteniendo el producto de EAN 40000979: sql: no rows in result set
2024/07/21 02:46:48 Error processing row: error obteniendo el producto de EAN 40000979: sql: no rows in result set
2024/07/21 02:46:48 Error processing row: error obteniendo el producto de EAN 40000979: sql: no rows in result set
2024/07/21 02:46:48 Error processing row: error obteniendo el producto de EAN 40000979: sql: no rows in result set
2024/07/21 02:46:48 Error processing row: error obteniendo el producto de EAN 40000979: sql: no rows in result set
2024/07/21 02:46:48 Error processing row: error obteniendo el producto de EAN 40000979: sql: no rows in result set
2024/07/21 02:46:48 Error processing row: error obteniendo el producto de EAN 40000979: sql: no rows in result set
2024/07/21 02:46:48 Error processing row: error obteniendo el producto de EAN 40000979: sql: no rows in result set
2024/07/21 02:46:48 Error processing row: error obteniendo el producto de EAN 40000979: sql: no rows in result set
2024/07/21 02:46:48 Error processing row: error obteniendo el producto de EAN 40000979: sql: no rows in result set
2024/07/21 02:46:48 Error processing row: error obteniendo el producto de EAN 40000979: sql: no rows in result set
2024/07/21 02:46:48 Error processing row: error obteniendo la tienda de código 428: sql: no rows in result set
2024/07/21 02:46:48 Error processing row: error obteniendo el producto de EAN 40000979: sql: no rows in result set
2024/07/21 02:46:48 Error processing row: error obteniendo el producto de EAN 40000979: sql: no rows in result set
2024/07/21 02:46:48 Error processing row: error obteniendo el producto de EAN 40000979: sql: no rows in result set
2024/07/21 02:46:48 Error processing row: error obteniendo el producto de EAN 40000979: sql: no rows in result set
2024/07/21 02:46:48 Error processing row: error obteniendo el producto de EAN 40000979: sql: no rows in result set
2024/07/21 02:46:48 Error processing row: error obteniendo el producto de EAN 40000979: sql: no rows in result set
2024/07/21 02:46:48 Error processing row: error obteniendo el producto de EAN 40000979: sql: no rows in result set
2024/07/21 02:46:48 Error processing row: error obteniendo el producto de EAN 40000979: sql: no rows in result set
2024/07/21 02:46:48 Error processing row: error obteniendo el producto de EAN 40000979: sql: no rows in result set
2024/07/21 02:46:49 Error processing row: error obteniendo el producto de EAN 40000979: sql: no rows in result set
2024/07/21 02:46:49 Error processing row: error obteniendo el producto de EAN 40000979: sql: no rows in result set
2024/07/21 02:46:49 Error processing row: error obteniendo el producto de EAN 40000979: sql: no rows in result set
2024/07/21 02:46:49 Error processing row: error obteniendo el producto de EAN 40000979: sql: no rows in result set
2024/07/21 02:46:49 Error processing row: error obteniendo el producto de EAN 40000979: sql: no rows in result set
2024/07/21 02:46:49 Error processing row: error obteniendo el producto de EAN 40000979: sql: no rows in result set
2024/07/21 02:46:49 Error processing row: error obteniendo el producto de EAN 40000979: sql: no rows in result set
2024/07/21 02:46:49 Error processing row: error obteniendo el producto de EAN 40000979: sql: no rows in result set
2024/07/21 02:46:49 Error processing row: error obteniendo el producto de EAN 40000979: sql: no rows in result set
2024/07/21 02:46:49 Error processing row: error obteniendo el producto de EAN 40000979: sql: no rows in result set
2024/07/21 02:46:49 Error processing row: error obteniendo el producto de EAN 40000979: sql: no rows in result set
2024/07/21 02:46:49 Error processing row: error obteniendo el producto de EAN 40000979: sql: no rows in result set
2024/07/21 02:46:49 Error processing row: error obteniendo el producto de EAN 40000979: sql: no rows in result set
2024/07/21 02:46:49 Error processing row: error obteniendo el producto de EAN 40000979: sql: no rows in result set
2024/07/21 02:46:49 Error processing row: error obteniendo el producto de EAN 40000979: sql: no rows in result set
2024/07/21 02:46:49 Error processing row: error obteniendo el producto de EAN 40000979: sql: no rows in result set
2024/07/21 02:46:49 Error processing row: error obteniendo el producto de EAN 40000979: sql: no rows in result set
2024/07/21 02:46:51 Error processing row: error obteniendo la tienda de código 1000: sql: no rows in result set
2024/07/21 02:46:52 Error processing row: error obteniendo la tienda de código 1000: sql: no rows in result set
2024/07/21 02:46:52 Error processing row: error obteniendo la tienda de código 1000: sql: no rows in result set
2024/07/21 02:46:52 Error processing row: error obteniendo la tienda de código 1000: sql: no rows in result set
2024/07/21 02:46:52 Error processing row: error obteniendo la tienda de código 1000: sql: no rows in result set
2024/07/21 02:46:53 Error creating order_product: pq: duplicate key value violates unique constraint "order_product_pkey"
2024/07/21 02:46:53 Error creating order_product: pq: duplicate key value violates unique constraint "order_product_pkey"
2024/07/21 02:46:53 Error creating order_product: pq: duplicate key value violates unique constraint "order_product_pkey"
2024/07/21 02:46:54 Error processing row: error obteniendo la tienda de código 428: sql: no rows in result set
2024/07/21 02:46:55 Error processing row: error obteniendo la tienda de código 428: sql: no rows in result set
2024/07/21 02:46:57 Error processing row: error obteniendo la tienda de código 428: sql: no rows in result set
2024/07/21 02:47:00 Error processing row: error obteniendo la tienda de código 428: sql: no rows in result set
2024/07/21 02:47:01 Error processing row: error obteniendo la tienda de código 428: sql: no rows in result set
2024/07/21 02:47:03 Error processing row: error obteniendo la tienda de código 428: sql: no rows in result set
2024/07/21 02:47:05 Error processing row: error obteniendo la tienda de código 428: sql: no rows in result set
2024/07/21 02:47:05 Error processing row: error obteniendo la tienda de código 428: sql: no rows in result set
2024/07/21 02:47:06 Error processing row: error obteniendo la tienda de código 1000: sql: no rows in result set
2024/07/21 02:47:06 Error processing row: error obteniendo la tienda de código 428: sql: no rows in result set
2024/07/21 02:47:08 Error processing row: error obteniendo la tienda de código 428: sql: no rows in result set
2024/07/21 02:47:09 Error processing row: error obteniendo la tienda de código 428: sql: no rows in result set
2024/07/21 02:47:11 Error processing row: error obteniendo la tienda de código 428: sql: no rows in result set
2024/07/21 02:47:12 Error processing row: error obteniendo la tienda de código 1000: sql: no rows in result set
2024/07/21 02:47:15 Error processing row: error obteniendo la tienda de código 428: sql: no rows in result set
2024/07/21 02:47:16 Error processing row: error obteniendo la tienda de código 428: sql: no rows in result set
2024/07/21 02:47:17 Error processing row: error obteniendo la tienda de código 428: sql: no rows in result set
2024/07/21 02:47:18 Error processing row: error obteniendo la tienda de código 428: sql: no rows in result set
2024/07/21 02:47:21 Error processing row: error obteniendo la tienda de código 428: sql: no rows in result set
2024/07/21 02:47:22 Error creating order_product: pq: duplicate key value violates unique constraint "order_product_pkey"
2024/07/21 02:47:22 Error creating order_product: pq: duplicate key value violates unique constraint "order_product_pkey"
2024/07/21 02:47:22 Error creating order_product: pq: duplicate key value violates unique constraint "order_product_pkey"
2024/07/21 02:47:22 Error creating order_product: pq: duplicate key value violates unique constraint "order_product_pkey"
2024/07/21 02:47:22 Error creating order_product: pq: duplicate key value violates unique constraint "order_product_pkey"
2024/07/21 02:47:22 Error creating order_product: pq: duplicate key value violates unique constraint "order_product_pkey"
2024/07/21 02:47:22 Error creating order_product: pq: duplicate key value violates unique constraint "order_product_pkey"
2024/07/21 02:47:22 Error creating order_product: pq: duplicate key value violates unique constraint "order_product_pkey"
2024/07/21 02:47:22 Error creating order_product: pq: duplicate key value violates unique constraint "order_product_pkey"
2024/07/21 02:47:22 Error creating order_product: pq: duplicate key value violates unique constraint "order_product_pkey"
2024/07/21 02:47:23 Error processing row: error obteniendo la tienda de código 428: sql: no rows in result set
2024/07/21 02:47:26 Error processing row: error obteniendo la tienda de código 428: sql: no rows in result set
2024/07/21 02:47:28 Error processing row: error obteniendo la tienda de código 428: sql: no rows in result set
2024/07/21 02:47:29 Error processing row: error obteniendo la tienda de código 428: sql: no rows in result set
2024/07/21 02:47:30 Error processing row: error obteniendo la tienda de código 1000: sql: no rows in result set
2024/07/21 02:47:32 Error processing row: error obteniendo la tienda de código 1000: sql: no rows in result set
2024/07/21 02:47:38 Error processing row: error obteniendo la tienda de código 428: sql: no rows in result set
2024/07/21 02:47:39 Error processing row: error obteniendo la tienda de código 1000: sql: no rows in result set
2024/07/21 02:47:40 Error processing row: error obteniendo la tienda de código 428: sql: no rows in result set
2024/07/21 02:47:40 Error creating order_product: pq: duplicate key value violates unique constraint "order_product_pkey"
2024/07/21 02:47:41 Error processing row: error obteniendo el producto de EAN 40001775: sql: no rows in result set
2024/07/21 02:47:41 Error processing row: error obteniendo el producto de EAN 40001775: sql: no rows in result set
2024/07/21 02:47:41 Error processing row: error obteniendo el producto de EAN 40001775: sql: no rows in result set
2024/07/21 02:47:41 Error processing row: error obteniendo el producto de EAN 40001775: sql: no rows in result set
2024/07/21 02:47:41 Error processing row: error obteniendo el producto de EAN 40001775: sql: no rows in result set
2024/07/21 02:47:41 Error processing row: error obteniendo el producto de EAN 40001775: sql: no rows in result set
2024/07/21 02:47:41 Error processing row: error obteniendo el producto de EAN 40001775: sql: no rows in result set
2024/07/21 02:47:41 Error processing row: error obteniendo el producto de EAN 40001775: sql: no rows in result set
2024/07/21 02:47:41 Error processing row: error obteniendo el producto de EAN 40001775: sql: no rows in result set
2024/07/21 02:47:41 Error processing row: error obteniendo el producto de EAN 40001775: sql: no rows in result set
2024/07/21 02:47:45 Error processing row: error obteniendo la tienda de código 428: sql: no rows in result set
2024/07/21 02:47:46 Error processing row: error obteniendo el producto de EAN 40002045: sql: no rows in result set
2024/07/21 02:47:46 Error processing row: error obteniendo el producto de EAN 40002045: sql: no rows in result set
2024/07/21 02:47:46 Error processing row: error obteniendo el producto de EAN 40002045: sql: no rows in result set
2024/07/21 02:47:46 Error processing row: error obteniendo el producto de EAN 40002045: sql: no rows in result set
2024/07/21 02:47:46 Error processing row: error obteniendo el producto de EAN 40002045: sql: no rows in result set
2024/07/21 02:47:46 Error processing row: error obteniendo el producto de EAN 40002045: sql: no rows in result set
2024/07/21 02:47:46 Error processing row: error obteniendo el producto de EAN 40002045: sql: no rows in result set
2024/07/21 02:47:46 Error processing row: error obteniendo el producto de EAN 40002045: sql: no rows in result set
2024/07/21 02:47:47 Error processing row: error obteniendo el producto de EAN 40002045: sql: no rows in result set
2024/07/21 02:47:52 Error processing row: error obteniendo la tienda de código 428: sql: no rows in result set
2024/07/21 02:47:53 Error processing row: error obteniendo la tienda de código 428: sql: no rows in result set
2024/07/21 02:47:54 Error processing row: error obteniendo la tienda de código 1000: sql: no rows in result set
2024/07/21 02:47:54 Error creating order_product: pq: duplicate key value violates unique constraint "order_product_pkey"
2024/07/21 02:47:59 Error processing row: error obteniendo la tienda de código 1000: sql: no rows in result set
2024/07/21 02:47:59 Error processing row: error obteniendo la tienda de código 1000: sql: no rows in result set
2024/07/21 02:48:00 Error processing row: error obteniendo la tienda de código 1000: sql: no rows in result set
2024/07/21 02:48:00 Error processing row: error obteniendo la tienda de código 428: sql: no rows in result set
2024/07/21 02:48:01 Error processing row: error obteniendo la tienda de código 1000: sql: no rows in result set
2024/07/21 02:48:02 Error processing row: error obteniendo la tienda de código 428: sql: no rows in result set
2024/07/21 02:48:04 Error processing row: error obteniendo la tienda de código 428: sql: no rows in result set
2024/07/21 02:48:04 Error processing row: error obteniendo el producto de EAN 40002268: sql: no rows in result set
2024/07/21 02:48:04 Error processing row: error obteniendo el producto de EAN 40002268: sql: no rows in result set
2024/07/21 02:48:04 Error processing row: error obteniendo el producto de EAN 40002268: sql: no rows in result set
2024/07/21 02:48:04 Error processing row: error obteniendo el producto de EAN 40002268: sql: no rows in result set
2024/07/21 02:48:05 Error processing row: error obteniendo la tienda de código 428: sql: no rows in result set
2024/07/21 02:48:06 Error processing row: error obteniendo la tienda de código 428: sql: no rows in result set
2024/07/21 02:48:10 Error processing row: error obteniendo la tienda de código 428: sql: no rows in result set
2024/07/21 02:48:11 Error processing row: error obteniendo la tienda de código 1000: sql: no rows in result set
2024/07/21 02:48:13 Error processing row: error obteniendo la tienda de código 1000: sql: no rows in result set
2024/07/21 02:48:13 Error processing row: error obteniendo la tienda de código 428: sql: no rows in result set
2024/07/21 02:48:13 Error processing row: error obteniendo la tienda de código 1000: sql: no rows in result set
2024/07/21 02:48:14 Error processing row: error obteniendo la tienda de código 428: sql: no rows in result set
2024/07/21 02:48:15 Error processing row: error obteniendo la tienda de código 1000: sql: no rows in result set
2024/07/21 02:48:17 Error processing row: error obteniendo la tienda de código 1000: sql: no rows in result set
2024/07/21 02:48:18 Error processing row: error obteniendo la tienda de código 428: sql: no rows in result set
2024/07/21 02:48:19 Error processing row: error obteniendo la tienda de código 428: sql: no rows in result set
2024/07/21 02:48:19 Error processing row: error obteniendo el producto de EAN 40002695: sql: no rows in result set
2024/07/21 02:48:19 Error processing row: error obteniendo la tienda de código 1000: sql: no rows in result set
2024/07/21 02:48:20 Error processing row: error obteniendo la tienda de código 1000: sql: no rows in result set
2024/07/21 02:48:20 Error processing row: error obteniendo la tienda de código 1000: sql: no rows in result set
2024/07/21 02:48:22 Error processing row: error obteniendo la tienda de código 428: sql: no rows in result set
2024/07/21 02:48:22 Error processing row: error obteniendo el producto de EAN 70000001: sql: no rows in result set
2024/07/21 02:48:22 Error processing row: error obteniendo el producto de EAN 70000001: sql: no rows in result set
2024/07/21 02:48:22 Error processing row: error obteniendo el producto de EAN 70000001: sql: no rows in result set
2024/07/21 02:48:23 Error processing row: error obteniendo el producto de EAN 70000001: sql: no rows in result set
2024/07/21 02:48:23 Error processing row: error obteniendo el producto de EAN 70000001: sql: no rows in result set
2024/07/21 02:48:23 Error processing row: error obteniendo el producto de EAN 70000001: sql: no rows in result set
2024/07/21 02:48:23 Error processing row: error obteniendo la tienda de código 428: sql: no rows in result set
2024/07/21 02:48:23 Error processing row: error obteniendo el producto de EAN 70000001: sql: no rows in result set
2024/07/21 02:48:23 Error processing row: error obteniendo el producto de EAN 70000001: sql: no rows in result set
2024/07/21 02:48:23 Error processing row: error obteniendo el producto de EAN 70000001: sql: no rows in result set
2024/07/21 02:48:24 Error processing row: error obteniendo la tienda de código 428: sql: no rows in result set
2024/07/21 02:48:27 Error processing row: error obteniendo la tienda de código 428: sql: no rows in result set
2024/07/21 02:48:28 Error processing row: error obteniendo la tienda de código 428: sql: no rows in result set
2024/07/21 02:48:29 Error processing row: error obteniendo la tienda de código 1000: sql: no rows in result set
2024/07/21 02:48:29 Error processing row: error obteniendo la tienda de código 428: sql: no rows in result set
2024/07/21 02:48:31 Error processing row: error obteniendo la tienda de código 428: sql: no rows in result set
2024/07/21 02:48:31 Error processing row: error obteniendo la tienda de código 1000: sql: no rows in result set
2024/07/21 02:48:31 Error processing row: error obteniendo la tienda de código 1000: sql: no rows in result set
2024/07/21 02:48:32 Error processing row: error obteniendo la tienda de código 428: sql: no rows in result set
2024/07/21 02:48:33 Error processing row: error obteniendo la tienda de código 428: sql: no rows in result set
2024/07/21 02:48:35 Error processing row: error obteniendo la tienda de código 428: sql: no rows in result set
2024/07/21 02:48:37 Error processing row: error obteniendo la tienda de código 428: sql: no rows in result set
2024/07/21 02:48:37 Skipping incomplete or invalid row: [        45777 CJ    ] fila 11331
2024/07/21 02:48:37 Skipping incomplete or invalid row: [        123 DP    ] fila 11332
2024/07/21 02:48:37 Skipping incomplete or invalid row: [        75 GV    ] fila 11333
2024/07/21 02:48:37 Skipping incomplete or invalid row: [        162 CA    ] fila 11334
2024/07/21 02:48:37 Skipping incomplete or invalid row: [        23934 BTO    ] fila 11335
2024/07/21 02:48:37 Skipping incomplete or invalid row: [        568 UN    ] fila 11336
2024/07/21 02:48:37 Error processing row: error obteniendo la tienda de código 428: sql: no rows in result set
2024/07/21 02:48:38 Inserción completada. Total de productos insertados: 10836
2024/07/21 02:50:34 Nueva inserción a las 2024-07-21 02:50:34.1662986 -0500 -05 m=+309.084755701
2024/07/21 02:50:36 Error processing row: error obteniendo la tienda de código 428: sql: no rows in result set
2024/07/21 02:50:44 Error creating order_product: pq: duplicate key value violates unique constraint "order_product_pkey"
2024/07/21 02:50:45 Error processing row: error obteniendo la tienda de código 1000: sql: no rows in result set
2024/07/21 02:50:47 Error creating order_product: pq: duplicate key value violates unique constraint "order_product_pkey"
2024/07/21 02:50:52 Error processing row: error obteniendo la tienda de código 428: sql: no rows in result set
2024/07/21 02:50:54 Error processing row: error obteniendo la tienda de código 428: sql: no rows in result set
2024/07/21 02:50:55 Error processing row: error obteniendo la tienda de código 428: sql: no rows in result set
2024/07/21 02:50:58 Error processing row: error obteniendo la tienda de código 1000: sql: no rows in result set
2024/07/21 02:51:01 Error processing row: error obteniendo la tienda de código 428: sql: no rows in result set
2024/07/21 02:51:02 Error processing row: error obteniendo la tienda de código 428: sql: no rows in result set
2024/07/21 02:51:05 Error processing row: error obteniendo el producto de EAN 40000644: sql: no rows in result set
2024/07/21 02:51:05 Error processing row: error obteniendo el producto de EAN 40000644: sql: no rows in result set
2024/07/21 02:51:05 Error processing row: error obteniendo el producto de EAN 40000644: sql: no rows in result set
2024/07/21 02:51:05 Error processing row: error obteniendo el producto de EAN 40000644: sql: no rows in result set
2024/07/21 02:51:05 Error processing row: error obteniendo el producto de EAN 40000644: sql: no rows in result set
2024/07/21 02:51:05 Error processing row: error obteniendo el producto de EAN 40000644: sql: no rows in result set
2024/07/21 02:51:05 Error processing row: error obteniendo el producto de EAN 40000644: sql: no rows in result set
2024/07/21 02:51:05 Error processing row: error obteniendo el producto de EAN 40000644: sql: no rows in result set
2024/07/21 02:51:05 Error processing row: error obteniendo el producto de EAN 40000644: sql: no rows in result set
2024/07/21 02:51:05 Error processing row: error obteniendo el producto de EAN 40000644: sql: no rows in result set
2024/07/21 02:51:05 Error processing row: error obteniendo el producto de EAN 40000644: sql: no rows in result set
2024/07/21 02:51:05 Error processing row: error obteniendo el producto de EAN 40000644: sql: no rows in result set
2024/07/21 02:51:05 Error processing row: error obteniendo el producto de EAN 40000644: sql: no rows in result set
2024/07/21 02:51:05 Error processing row: error obteniendo el producto de EAN 40000644: sql: no rows in result set
2024/07/21 02:51:05 Error processing row: error obteniendo el producto de EAN 40000644: sql: no rows in result set
2024/07/21 02:51:05 Error processing row: error obteniendo el producto de EAN 40000644: sql: no rows in result set
2024/07/21 02:51:05 Error processing row: error obteniendo el producto de EAN 40000644: sql: no rows in result set
2024/07/21 02:51:05 Error processing row: error obteniendo el producto de EAN 40000644: sql: no rows in result set
2024/07/21 02:51:05 Error processing row: error obteniendo el producto de EAN 40000644: sql: no rows in result set
2024/07/21 02:51:05 Error processing row: error obteniendo el producto de EAN 40000644: sql: no rows in result set
2024/07/21 02:51:05 Error processing row: error obteniendo la tienda de código 428: sql: no rows in result set
2024/07/21 02:51:05 Error processing row: error obteniendo el producto de EAN 40000644: sql: no rows in result set
2024/07/21 02:51:05 Error processing row: error obteniendo el producto de EAN 40000644: sql: no rows in result set
2024/07/21 02:51:05 Error processing row: error obteniendo el producto de EAN 40000644: sql: no rows in result set
2024/07/21 02:51:05 Error processing row: error obteniendo el producto de EAN 40000644: sql: no rows in result set
2024/07/21 02:51:05 Error processing row: error obteniendo el producto de EAN 40000644: sql: no rows in result set
2024/07/21 02:51:05 Error processing row: error obteniendo el producto de EAN 40000644: sql: no rows in result set
2024/07/21 02:51:05 Error processing row: error obteniendo el producto de EAN 40000644: sql: no rows in result set
2024/07/21 02:51:05 Error processing row: error obteniendo el producto de EAN 40000644: sql: no rows in result set
2024/07/21 02:51:05 Error processing row: error obteniendo el producto de EAN 40000644: sql: no rows in result set
2024/07/21 02:51:05 Error processing row: error obteniendo el producto de EAN 40000644: sql: no rows in result set
2024/07/21 02:51:05 Error processing row: error obteniendo el producto de EAN 40000644: sql: no rows in result set
2024/07/21 02:51:05 Error processing row: error obteniendo el producto de EAN 40000644: sql: no rows in result set
2024/07/21 02:51:05 Error processing row: error obteniendo el producto de EAN 40000644: sql: no rows in result set
2024/07/21 02:51:05 Error processing row: error obteniendo el producto de EAN 40000644: sql: no rows in result set
2024/07/21 02:51:05 Error processing row: error obteniendo el producto de EAN 40000644: sql: no rows in result set
2024/07/21 02:51:05 Error processing row: error obteniendo el producto de EAN 40000644: sql: no rows in result set
2024/07/21 02:51:05 Error processing row: error obteniendo el producto de EAN 40000644: sql: no rows in result set
2024/07/21 02:51:05 Error processing row: error obteniendo el producto de EAN 40000644: sql: no rows in result set
2024/07/21 02:51:05 Error processing row: error obteniendo el producto de EAN 40000644: sql: no rows in result set
2024/07/21 02:51:05 Error processing row: error obteniendo el producto de EAN 40000644: sql: no rows in result set
2024/07/21 02:51:05 Error processing row: error obteniendo el producto de EAN 40000644: sql: no rows in result set
2024/07/21 02:51:05 Error processing row: error obteniendo el producto de EAN 40000644: sql: no rows in result set
2024/07/21 02:51:05 Error processing row: error obteniendo el producto de EAN 40000644: sql: no rows in result set
2024/07/21 02:51:05 Error processing row: error obteniendo el producto de EAN 40000644: sql: no rows in result set
2024/07/21 02:51:05 Error processing row: error obteniendo el producto de EAN 40000644: sql: no rows in result set
2024/07/21 02:51:05 Error processing row: error obteniendo el producto de EAN 40000644: sql: no rows in result set
2024/07/21 02:51:05 Error processing row: error obteniendo el producto de EAN 40000644: sql: no rows in result set
2024/07/21 02:51:05 Error processing row: error obteniendo el producto de EAN 40000644: sql: no rows in result set
2024/07/21 02:51:05 Error processing row: error obteniendo el producto de EAN 40000644: sql: no rows in result set
2024/07/21 02:51:05 Error processing row: error obteniendo el producto de EAN 40000644: sql: no rows in result set
2024/07/21 02:51:05 Error processing row: error obteniendo el producto de EAN 40000644: sql: no rows in result set
2024/07/21 02:51:05 Error processing row: error obteniendo el producto de EAN 40000644: sql: no rows in result set
2024/07/21 02:51:05 Error processing row: error obteniendo el producto de EAN 40000644: sql: no rows in result set
2024/07/21 02:51:05 Error processing row: error obteniendo el producto de EAN 40000644: sql: no rows in result set
2024/07/21 02:51:05 Error processing row: error obteniendo el producto de EAN 40000644: sql: no rows in result set
2024/07/21 02:51:05 Error processing row: error obteniendo el producto de EAN 40000644: sql: no rows in result set
2024/07/21 02:51:05 Error processing row: error obteniendo el producto de EAN 40000644: sql: no rows in result set
2024/07/21 02:51:05 Error processing row: error obteniendo el producto de EAN 40000644: sql: no rows in result set
2024/07/21 02:51:05 Error processing row: error obteniendo el producto de EAN 40000644: sql: no rows in result set
2024/07/21 02:51:05 Error processing row: error obteniendo el producto de EAN 40000644: sql: no rows in result set
2024/07/21 02:51:05 Error processing row: error obteniendo el producto de EAN 40000644: sql: no rows in result set
2024/07/21 02:51:05 Error processing row: error obteniendo el producto de EAN 40000644: sql: no rows in result set
2024/07/21 02:51:05 Error processing row: error obteniendo el producto de EAN 40000644: sql: no rows in result set
2024/07/21 02:51:05 Error processing row: error obteniendo el producto de EAN 40000644: sql: no rows in result set
2024/07/21 02:51:05 Error processing row: error obteniendo el producto de EAN 40000644: sql: no rows in result set
2024/07/21 02:51:05 Error processing row: error obteniendo el producto de EAN 40000644: sql: no rows in result set
2024/07/21 02:51:05 Error processing row: error obteniendo el producto de EAN 40000644: sql: no rows in result set
2024/07/21 02:51:05 Error processing row: error obteniendo el producto de EAN 40000644: sql: no rows in result set
2024/07/21 02:51:05 Error processing row: error obteniendo el producto de EAN 40000644: sql: no rows in result set
2024/07/21 02:51:05 Error processing row: error obteniendo el producto de EAN 40000644: sql: no rows in result set
2024/07/21 02:51:05 Error processing row: error obteniendo el producto de EAN 40000644: sql: no rows in result set
2024/07/21 02:51:05 Error processing row: error obteniendo el producto de EAN 40000644: sql: no rows in result set
2024/07/21 02:51:05 Error processing row: error obteniendo el producto de EAN 40000644: sql: no rows in result set
2024/07/21 02:51:05 Error processing row: error obteniendo el producto de EAN 40000644: sql: no rows in result set
2024/07/21 02:51:05 Error processing row: error obteniendo el producto de EAN 40000644: sql: no rows in result set
2024/07/21 02:51:05 Error processing row: error obteniendo el producto de EAN 40000644: sql: no rows in result set
2024/07/21 02:51:05 Error processing row: error obteniendo el producto de EAN 40000644: sql: no rows in result set
2024/07/21 02:51:05 Error processing row: error obteniendo el producto de EAN 40000644: sql: no rows in result set
2024/07/21 02:51:05 Error processing row: error obteniendo el producto de EAN 40000644: sql: no rows in result set
2024/07/21 02:51:05 Error processing row: error obteniendo el producto de EAN 40000644: sql: no rows in result set
2024/07/21 02:51:05 Error processing row: error obteniendo el producto de EAN 40000644: sql: no rows in result set
2024/07/21 02:51:05 Error processing row: error obteniendo el producto de EAN 40000644: sql: no rows in result set
2024/07/21 02:51:05 Error processing row: error obteniendo el producto de EAN 40000644: sql: no rows in result set
2024/07/21 02:51:05 Error processing row: error obteniendo el producto de EAN 40000644: sql: no rows in result set
2024/07/21 02:51:05 Error processing row: error obteniendo el producto de EAN 40000644: sql: no rows in result set
2024/07/21 02:51:05 Error processing row: error obteniendo el producto de EAN 40000644: sql: no rows in result set
2024/07/21 02:51:06 Error processing row: error obteniendo el producto de EAN 40000644: sql: no rows in result set
2024/07/21 02:51:06 Error processing row: error obteniendo el producto de EAN 40000644: sql: no rows in result set
2024/07/21 02:51:06 Error processing row: error obteniendo el producto de EAN 40000644: sql: no rows in result set
2024/07/21 02:51:06 Error processing row: error obteniendo el producto de EAN 40000644: sql: no rows in result set
2024/07/21 02:51:06 Error processing row: error obteniendo el producto de EAN 40000644: sql: no rows in result set
2024/07/21 02:51:06 Error processing row: error obteniendo el producto de EAN 40000644: sql: no rows in result set
2024/07/21 02:51:06 Error processing row: error obteniendo el producto de EAN 40000644: sql: no rows in result set
2024/07/21 02:51:06 Error processing row: error obteniendo el producto de EAN 40000644: sql: no rows in result set
2024/07/21 02:51:06 Error processing row: error obteniendo el producto de EAN 40000644: sql: no rows in result set
2024/07/21 02:51:06 Error processing row: error obteniendo la tienda de código 1000: sql: no rows in result set
2024/07/21 02:51:07 Error processing row: error obteniendo la tienda de código 428: sql: no rows in result set
2024/07/21 02:51:08 Error processing row: error obteniendo la tienda de código 1000: sql: no rows in result set
2024/07/21 02:51:09 Error processing row: error obteniendo la tienda de código 1000: sql: no rows in result set
2024/07/21 02:51:09 Error creating order_product: pq: duplicate key value violates unique constraint "order_product_pkey"
2024/07/21 02:51:10 Error processing row: error obteniendo la tienda de código 1000: sql: no rows in result set
2024/07/21 02:51:11 Error processing row: error obteniendo la tienda de código 428: sql: no rows in result set
2024/07/21 02:51:12 Error processing row: error obteniendo la tienda de código 428: sql: no rows in result set
2024/07/21 02:51:13 Error processing row: error obteniendo la tienda de código 428: sql: no rows in result set
2024/07/21 02:51:16 Error processing row: error obteniendo la tienda de código 1000: sql: no rows in result set
2024/07/21 02:51:16 Error creating order_product: pq: duplicate key value violates unique constraint "order_product_pkey"
2024/07/21 02:51:19 Error processing row: error obteniendo la tienda de código 428: sql: no rows in result set
2024/07/21 02:51:22 Error creating order_product: pq: duplicate key value violates unique constraint "order_product_pkey"
2024/07/21 02:51:26 Error processing row: error obteniendo la tienda de código 428: sql: no rows in result set
2024/07/21 02:51:29 Error processing row: error obteniendo la tienda de código 428: sql: no rows in result set
2024/07/21 02:51:30 Error processing row: error obteniendo la tienda de código 428: sql: no rows in result set
2024/07/21 02:51:30 Error processing row: error obteniendo la tienda de código 428: sql: no rows in result set
2024/07/21 02:51:34 Error processing row: error obteniendo la tienda de código 428: sql: no rows in result set
2024/07/21 02:51:35 Error processing row: error obteniendo la tienda de código 428: sql: no rows in result set
2024/07/21 02:51:36 Error processing row: error obteniendo la tienda de código 1000: sql: no rows in result set
2024/07/21 02:51:37 Error processing row: error obteniendo la tienda de código 428: sql: no rows in result set
2024/07/21 02:51:39 Error processing row: error obteniendo la tienda de código 428: sql: no rows in result set
2024/07/21 02:51:44 Error processing row: error obteniendo la tienda de código 428: sql: no rows in result set
2024/07/21 02:51:45 Error processing row: error obteniendo la tienda de código 428: sql: no rows in result set
2024/07/21 02:51:46 Error processing row: error obteniendo la tienda de código 428: sql: no rows in result set
2024/07/21 02:51:48 Error processing row: error obteniendo el producto de EAN 40000979: sql: no rows in result set
2024/07/21 02:51:48 Error processing row: error obteniendo el producto de EAN 40000979: sql: no rows in result set
2024/07/21 02:51:48 Error processing row: error obteniendo el producto de EAN 40000979: sql: no rows in result set
2024/07/21 02:51:48 Error processing row: error obteniendo la tienda de código 428: sql: no rows in result set
2024/07/21 02:51:48 Error processing row: error obteniendo el producto de EAN 40000979: sql: no rows in result set
2024/07/21 02:51:48 Error processing row: error obteniendo el producto de EAN 40000979: sql: no rows in result set
2024/07/21 02:51:48 Error processing row: error obteniendo el producto de EAN 40000979: sql: no rows in result set
2024/07/21 02:51:48 Error processing row: error obteniendo el producto de EAN 40000979: sql: no rows in result set
2024/07/21 02:51:48 Error processing row: error obteniendo el producto de EAN 40000979: sql: no rows in result set
2024/07/21 02:51:48 Error processing row: error obteniendo el producto de EAN 40000979: sql: no rows in result set
2024/07/21 02:51:48 Error processing row: error obteniendo el producto de EAN 40000979: sql: no rows in result set
2024/07/21 02:51:48 Error processing row: error obteniendo el producto de EAN 40000979: sql: no rows in result set
2024/07/21 02:51:48 Error processing row: error obteniendo el producto de EAN 40000979: sql: no rows in result set
2024/07/21 02:51:48 Error processing row: error obteniendo el producto de EAN 40000979: sql: no rows in result set
2024/07/21 02:51:48 Error processing row: error obteniendo el producto de EAN 40000979: sql: no rows in result set
2024/07/21 02:51:48 Error processing row: error obteniendo el producto de EAN 40000979: sql: no rows in result set
2024/07/21 02:51:48 Error processing row: error obteniendo el producto de EAN 40000979: sql: no rows in result set
2024/07/21 02:51:48 Error processing row: error obteniendo el producto de EAN 40000979: sql: no rows in result set
2024/07/21 02:51:48 Error processing row: error obteniendo el producto de EAN 40000979: sql: no rows in result set
2024/07/21 02:51:48 Error processing row: error obteniendo el producto de EAN 40000979: sql: no rows in result set
2024/07/21 02:51:48 Error processing row: error obteniendo el producto de EAN 40000979: sql: no rows in result set
2024/07/21 02:51:48 Error processing row: error obteniendo el producto de EAN 40000979: sql: no rows in result set
2024/07/21 02:51:48 Error processing row: error obteniendo el producto de EAN 40000979: sql: no rows in result set
2024/07/21 02:51:48 Error processing row: error obteniendo el producto de EAN 40000979: sql: no rows in result set
2024/07/21 02:51:48 Error processing row: error obteniendo el producto de EAN 40000979: sql: no rows in result set
2024/07/21 02:51:48 Error processing row: error obteniendo el producto de EAN 40000979: sql: no rows in result set
2024/07/21 02:51:48 Error processing row: error obteniendo el producto de EAN 40000979: sql: no rows in result set
2024/07/21 02:51:48 Error processing row: error obteniendo el producto de EAN 40000979: sql: no rows in result set
2024/07/21 02:51:48 Error processing row: error obteniendo el producto de EAN 40000979: sql: no rows in result set
2024/07/21 02:51:48 Error processing row: error obteniendo el producto de EAN 40000979: sql: no rows in result set
2024/07/21 02:51:48 Error processing row: error obteniendo el producto de EAN 40000979: sql: no rows in result set
2024/07/21 02:51:48 Error processing row: error obteniendo el producto de EAN 40000979: sql: no rows in result set
2024/07/21 02:51:48 Error processing row: error obteniendo el producto de EAN 40000979: sql: no rows in result set
2024/07/21 02:51:48 Error processing row: error obteniendo el producto de EAN 40000979: sql: no rows in result set
2024/07/21 02:51:48 Error processing row: error obteniendo el producto de EAN 40000979: sql: no rows in result set
2024/07/21 02:51:48 Error processing row: error obteniendo el producto de EAN 40000979: sql: no rows in result set
2024/07/21 02:51:48 Error processing row: error obteniendo el producto de EAN 40000979: sql: no rows in result set
2024/07/21 02:51:48 Error processing row: error obteniendo el producto de EAN 40000979: sql: no rows in result set
2024/07/21 02:51:48 Error processing row: error obteniendo el producto de EAN 40000979: sql: no rows in result set
2024/07/21 02:51:49 Error processing row: error obteniendo el producto de EAN 40000979: sql: no rows in result set
2024/07/21 02:51:49 Error processing row: error obteniendo el producto de EAN 40000979: sql: no rows in result set
2024/07/21 02:51:49 Error processing row: error obteniendo el producto de EAN 40000979: sql: no rows in result set
2024/07/21 02:51:49 Error processing row: error obteniendo el producto de EAN 40000979: sql: no rows in result set
2024/07/21 02:51:49 Error processing row: error obteniendo el producto de EAN 40000979: sql: no rows in result set
2024/07/21 02:51:49 Error processing row: error obteniendo el producto de EAN 40000979: sql: no rows in result set
2024/07/21 02:51:49 Error processing row: error obteniendo el producto de EAN 40000979: sql: no rows in result set
2024/07/21 02:51:49 Error processing row: error obteniendo el producto de EAN 40000979: sql: no rows in result set
2024/07/21 02:51:49 Error processing row: error obteniendo el producto de EAN 40000979: sql: no rows in result set
2024/07/21 02:51:49 Error processing row: error obteniendo el producto de EAN 40000979: sql: no rows in result set
2024/07/21 02:51:49 Error processing row: error obteniendo el producto de EAN 40000979: sql: no rows in result set
2024/07/21 02:51:49 Error processing row: error obteniendo el producto de EAN 40000979: sql: no rows in result set
2024/07/21 02:51:49 Error processing row: error obteniendo el producto de EAN 40000979: sql: no rows in result set
2024/07/21 02:51:49 Error processing row: error obteniendo el producto de EAN 40000979: sql: no rows in result set
2024/07/21 02:51:49 Error processing row: error obteniendo el producto de EAN 40000979: sql: no rows in result set
2024/07/21 02:51:52 Error processing row: error obteniendo la tienda de código 1000: sql: no rows in result set
2024/07/21 02:51:52 Error processing row: error obteniendo la tienda de código 1000: sql: no rows in result set
2024/07/21 02:51:52 Error creating order_product: pq: duplicate key value violates unique constraint "order_product_pkey"
2024/07/21 02:51:52 Error processing row: error obteniendo la tienda de código 1000: sql: no rows in result set
2024/07/21 02:51:52 Error processing row: error obteniendo la tienda de código 1000: sql: no rows in result set
2024/07/21 02:51:52 Error processing row: error obteniendo la tienda de código 1000: sql: no rows in result set
2024/07/21 02:51:52 Error creating order_product: pq: duplicate key value violates unique constraint "order_product_pkey"
2024/07/21 02:51:53 Error creating order_product: pq: duplicate key value violates unique constraint "order_product_pkey"
2024/07/21 02:51:53 Error creating order_product: pq: duplicate key value violates unique constraint "order_product_pkey"
2024/07/21 02:51:55 Error processing row: error obteniendo la tienda de código 428: sql: no rows in result set
2024/07/21 02:51:55 Error processing row: error obteniendo la tienda de código 428: sql: no rows in result set
2024/07/21 02:51:57 Error processing row: error obteniendo la tienda de código 428: sql: no rows in result set
2024/07/21 02:52:00 Error processing row: error obteniendo la tienda de código 428: sql: no rows in result set
2024/07/21 02:52:00 Error processing row: error obteniendo la tienda de código 428: sql: no rows in result set
2024/07/21 02:52:03 Error processing row: error obteniendo la tienda de código 428: sql: no rows in result set
2024/07/21 02:52:04 Error processing row: error obteniendo la tienda de código 428: sql: no rows in result set
2024/07/21 02:52:05 Error processing row: error obteniendo la tienda de código 428: sql: no rows in result set
2024/07/21 02:52:06 Error processing row: error obteniendo la tienda de código 1000: sql: no rows in result set
2024/07/21 02:52:06 Error processing row: error obteniendo la tienda de código 428: sql: no rows in result set
2024/07/21 02:52:08 Error processing row: error obteniendo la tienda de código 428: sql: no rows in result set
2024/07/21 02:52:10 Error processing row: error obteniendo la tienda de código 428: sql: no rows in result set
2024/07/21 02:52:11 Error processing row: error obteniendo la tienda de código 428: sql: no rows in result set
2024/07/21 02:52:12 Error processing row: error obteniendo la tienda de código 1000: sql: no rows in result set
2024/07/21 02:52:12 Error creating order_product: pq: duplicate key value violates unique constraint "order_product_pkey"
2024/07/21 02:52:14 Error processing row: error obteniendo la tienda de código 428: sql: no rows in result set
2024/07/21 02:52:16 Error processing row: error obteniendo la tienda de código 428: sql: no rows in result set
2024/07/21 02:52:16 Error processing row: error obteniendo la tienda de código 428: sql: no rows in result set
2024/07/21 02:52:18 Error processing row: error obteniendo la tienda de código 428: sql: no rows in result set
2024/07/21 02:52:21 Error creating order_product: pq: duplicate key value violates unique constraint "order_product_pkey"
2024/07/21 02:52:21 Error creating order_product: pq: duplicate key value violates unique constraint "order_product_pkey"
2024/07/21 02:52:21 Error processing row: error obteniendo la tienda de código 428: sql: no rows in result set
2024/07/21 02:52:21 Error creating order_product: pq: duplicate key value violates unique constraint "order_product_pkey"
2024/07/21 02:52:21 Error creating order_product: pq: duplicate key value violates unique constraint "order_product_pkey"
2024/07/21 02:52:21 Error creating order_product: pq: duplicate key value violates unique constraint "order_product_pkey"
2024/07/21 02:52:21 Error creating order_product: pq: duplicate key value violates unique constraint "order_product_pkey"
2024/07/21 02:52:21 Error creating order_product: pq: duplicate key value violates unique constraint "order_product_pkey"
2024/07/21 02:52:22 Error creating order_product: pq: duplicate key value violates unique constraint "order_product_pkey"
2024/07/21 02:52:22 Error creating order_product: pq: duplicate key value violates unique constraint "order_product_pkey"
2024/07/21 02:52:22 Error creating order_product: pq: duplicate key value violates unique constraint "order_product_pkey"
2024/07/21 02:52:23 Error processing row: error obteniendo la tienda de código 428: sql: no rows in result set
2024/07/21 02:52:26 Error processing row: error obteniendo la tienda de código 428: sql: no rows in result set
2024/07/21 02:52:28 Error processing row: error obteniendo la tienda de código 428: sql: no rows in result set
2024/07/21 02:52:29 Error processing row: error obteniendo la tienda de código 428: sql: no rows in result set
2024/07/21 02:52:30 Error processing row: error obteniendo la tienda de código 1000: sql: no rows in result set
2024/07/21 02:52:33 Error processing row: error obteniendo la tienda de código 1000: sql: no rows in result set
2024/07/21 02:52:36 Error creating order_product: pq: duplicate key value violates unique constraint "order_product_pkey"
2024/07/21 02:52:37 Error processing row: error obteniendo la tienda de código 428: sql: no rows in result set
2024/07/21 02:52:39 Error processing row: error obteniendo la tienda de código 1000: sql: no rows in result set
2024/07/21 02:52:40 Error creating order_product: pq: duplicate key value violates unique constraint "order_product_pkey"
2024/07/21 02:52:40 Error processing row: error obteniendo la tienda de código 428: sql: no rows in result set
2024/07/21 02:52:41 Error processing row: error obteniendo el producto de EAN 40001775: sql: no rows in result set
2024/07/21 02:52:41 Error processing row: error obteniendo el producto de EAN 40001775: sql: no rows in result set
2024/07/21 02:52:41 Error processing row: error obteniendo el producto de EAN 40001775: sql: no rows in result set
2024/07/21 02:52:41 Error processing row: error obteniendo el producto de EAN 40001775: sql: no rows in result set
2024/07/21 02:52:41 Error processing row: error obteniendo el producto de EAN 40001775: sql: no rows in result set
2024/07/21 02:52:41 Error processing row: error obteniendo el producto de EAN 40001775: sql: no rows in result set
2024/07/21 02:52:41 Error processing row: error obteniendo el producto de EAN 40001775: sql: no rows in result set
2024/07/21 02:52:41 Error processing row: error obteniendo el producto de EAN 40001775: sql: no rows in result set
2024/07/21 02:52:41 Error processing row: error obteniendo el producto de EAN 40001775: sql: no rows in result set
2024/07/21 02:52:42 Error processing row: error obteniendo el producto de EAN 40001775: sql: no rows in result set
2024/07/21 02:52:45 Error processing row: error obteniendo la tienda de código 428: sql: no rows in result set
2024/07/21 02:52:46 Error processing row: error obteniendo el producto de EAN 40002045: sql: no rows in result set
2024/07/21 02:52:46 Error processing row: error obteniendo el producto de EAN 40002045: sql: no rows in result set
2024/07/21 02:52:46 Error processing row: error obteniendo el producto de EAN 40002045: sql: no rows in result set
2024/07/21 02:52:46 Error processing row: error obteniendo el producto de EAN 40002045: sql: no rows in result set
2024/07/21 02:52:46 Error processing row: error obteniendo el producto de EAN 40002045: sql: no rows in result set
2024/07/21 02:52:46 Error processing row: error obteniendo el producto de EAN 40002045: sql: no rows in result set
2024/07/21 02:52:46 Error processing row: error obteniendo el producto de EAN 40002045: sql: no rows in result set
2024/07/21 02:52:46 Error processing row: error obteniendo el producto de EAN 40002045: sql: no rows in result set
2024/07/21 02:52:47 Error processing row: error obteniendo el producto de EAN 40002045: sql: no rows in result set
2024/07/21 02:52:52 Error processing row: error obteniendo la tienda de código 428: sql: no rows in result set
2024/07/21 02:52:53 Error processing row: error obteniendo la tienda de código 1000: sql: no rows in result set
2024/07/21 02:52:54 Error creating order_product: pq: duplicate key value violates unique constraint "order_product_pkey"
2024/07/21 02:52:56 Error processing row: error obteniendo la tienda de código 428: sql: no rows in result set
2024/07/21 02:52:57 Error processing row: error obteniendo la tienda de código 1000: sql: no rows in result set
2024/07/21 02:52:58 Error processing row: error obteniendo la tienda de código 1000: sql: no rows in result set
2024/07/21 02:52:59 Error creating order_product: pq: duplicate key value violates unique constraint "order_product_pkey"
2024/07/21 02:53:00 Error processing row: error obteniendo la tienda de código 1000: sql: no rows in result set
2024/07/21 02:53:00 Error processing row: error obteniendo la tienda de código 428: sql: no rows in result set
2024/07/21 02:53:01 Error processing row: error obteniendo la tienda de código 1000: sql: no rows in result set
2024/07/21 02:53:02 Error processing row: error obteniendo la tienda de código 428: sql: no rows in result set
2024/07/21 02:53:03 Error processing row: error obteniendo la tienda de código 428: sql: no rows in result set
2024/07/21 02:53:03 Error processing row: error obteniendo el producto de EAN 40002268: sql: no rows in result set
2024/07/21 02:53:03 Error processing row: error obteniendo el producto de EAN 40002268: sql: no rows in result set
2024/07/21 02:53:03 Error processing row: error obteniendo el producto de EAN 40002268: sql: no rows in result set
2024/07/21 02:53:04 Error processing row: error obteniendo el producto de EAN 40002268: sql: no rows in result set
2024/07/21 02:53:06 Error processing row: error obteniendo la tienda de código 428: sql: no rows in result set
2024/07/21 02:53:07 Error processing row: error obteniendo la tienda de código 428: sql: no rows in result set
2024/07/21 02:53:10 Error processing row: error obteniendo la tienda de código 428: sql: no rows in result set
2024/07/21 02:53:11 Error processing row: error obteniendo la tienda de código 1000: sql: no rows in result set
2024/07/21 02:53:12 Error processing row: error obteniendo la tienda de código 1000: sql: no rows in result set
2024/07/21 02:53:13 Error processing row: error obteniendo la tienda de código 428: sql: no rows in result set
2024/07/21 02:53:13 Error creating order_product: pq: duplicate key value violates unique constraint "order_product_pkey"
2024/07/21 02:53:13 Error processing row: error obteniendo la tienda de código 1000: sql: no rows in result set
2024/07/21 02:53:15 Error processing row: error obteniendo la tienda de código 1000: sql: no rows in result set
2024/07/21 02:53:15 Error processing row: error obteniendo la tienda de código 428: sql: no rows in result set
2024/07/21 02:53:16 Error processing row: error obteniendo la tienda de código 1000: sql: no rows in result set
2024/07/21 02:53:17 Error creating order_product: pq: duplicate key value violates unique constraint "order_product_pkey"
2024/07/21 02:53:18 Error processing row: error obteniendo la tienda de código 428: sql: no rows in result set
2024/07/21 02:53:19 Error processing row: error obteniendo el producto de EAN 40002695: sql: no rows in result set
2024/07/21 02:53:19 Error processing row: error obteniendo la tienda de código 428: sql: no rows in result set
2024/07/21 02:53:19 Error processing row: error obteniendo la tienda de código 1000: sql: no rows in result set
2024/07/21 02:53:19 Error processing row: error obteniendo la tienda de código 1000: sql: no rows in result set
2024/07/21 02:53:19 Error processing row: error obteniendo la tienda de código 1000: sql: no rows in result set
2024/07/21 02:53:20 Error creating order_product: pq: duplicate key value violates unique constraint "order_product_pkey"
2024/07/21 02:53:22 Error processing row: error obteniendo la tienda de código 428: sql: no rows in result set
2024/07/21 02:53:22 Error processing row: error obteniendo el producto de EAN 70000001: sql: no rows in result set
2024/07/21 02:53:22 Error processing row: error obteniendo el producto de EAN 70000001: sql: no rows in result set
2024/07/21 02:53:22 Error processing row: error obteniendo el producto de EAN 70000001: sql: no rows in result set
2024/07/21 02:53:22 Error processing row: error obteniendo el producto de EAN 70000001: sql: no rows in result set
2024/07/21 02:53:22 Error processing row: error obteniendo el producto de EAN 70000001: sql: no rows in result set
2024/07/21 02:53:22 Error processing row: error obteniendo el producto de EAN 70000001: sql: no rows in result set
2024/07/21 02:53:22 Error processing row: error obteniendo el producto de EAN 70000001: sql: no rows in result set
2024/07/21 02:53:22 Error processing row: error obteniendo el producto de EAN 70000001: sql: no rows in result set
2024/07/21 02:53:22 Error processing row: error obteniendo el producto de EAN 70000001: sql: no rows in result set
2024/07/21 02:53:23 Error processing row: error obteniendo la tienda de código 428: sql: no rows in result set
2024/07/21 02:53:23 Error processing row: error obteniendo la tienda de código 428: sql: no rows in result set
2024/07/21 02:53:26 Error processing row: error obteniendo la tienda de código 428: sql: no rows in result set
2024/07/21 02:53:28 Error processing row: error obteniendo la tienda de código 428: sql: no rows in result set
2024/07/21 02:53:28 Error processing row: error obteniendo la tienda de código 1000: sql: no rows in result set
2024/07/21 02:53:29 Error processing row: error obteniendo la tienda de código 428: sql: no rows in result set
2024/07/21 02:53:30 Error processing row: error obteniendo la tienda de código 1000: sql: no rows in result set
2024/07/21 02:53:30 Error processing row: error obteniendo la tienda de código 428: sql: no rows in result set
2024/07/21 02:53:31 Error processing row: error obteniendo la tienda de código 1000: sql: no rows in result set
2024/07/21 02:53:31 Error processing row: error obteniendo la tienda de código 428: sql: no rows in result set
2024/07/21 02:53:33 Error processing row: error obteniendo la tienda de código 428: sql: no rows in result set
2024/07/21 02:53:34 Error processing row: error obteniendo la tienda de código 428: sql: no rows in result set
2024/07/21 02:53:36 Error processing row: error obteniendo la tienda de código 428: sql: no rows in result set
2024/07/21 02:53:36 Skipping incomplete or invalid row: [        45777 CJ    ] fila 11331
2024/07/21 02:53:36 Skipping incomplete or invalid row: [        123 DP    ] fila 11332
2024/07/21 02:53:36 Skipping incomplete or invalid row: [        75 GV    ] fila 11333
2024/07/21 02:53:36 Skipping incomplete or invalid row: [        162 CA    ] fila 11334
2024/07/21 02:53:36 Skipping incomplete or invalid row: [        23934 BTO    ] fila 11335
2024/07/21 02:53:36 Skipping incomplete or invalid row: [        568 UN    ] fila 11336
2024/07/21 02:53:36 Error processing row: error obteniendo la tienda de código 428: sql: no rows in result set
2024/07/21 02:53:38 Inserción completada. Total de productos insertados: 10828
